{"/home/fwklaus/chess_app/src/lib/game.ts": {"path":"/home/fwklaus/chess_app/src/lib/game.ts","statementMap":{"0":{"start":{"line":7,"column":4},"end":{"line":7,"column":36}},"1":{"start":{"line":8,"column":4},"end":{"line":8,"column":36}},"2":{"start":{"line":9,"column":4},"end":{"line":9,"column":55}},"3":{"start":{"line":10,"column":4},"end":{"line":10,"column":46}},"4":{"start":{"line":11,"column":4},"end":{"line":11,"column":46}},"5":{"start":{"line":12,"column":4},"end":{"line":12,"column":72}},"6":{"start":{"line":17,"column":4},"end":{"line":17,"column":16}},"7":{"start":{"line":22,"column":4},"end":{"line":22,"column":16}},"8":{"start":{"line":1,"column":0},"end":{"line":1,"column":13}},"9":{"start":{"line":27,"column":2},"end":{"line":27,"column":25}},"10":{"start":{"line":31,"column":4},"end":{"line":31,"column":23}},"11":{"start":{"line":35,"column":4},"end":{"line":45,"column":null}},"12":{"start":{"line":37,"column":8},"end":{"line":37,"column":41}},"13":{"start":{"line":38,"column":8},"end":{"line":38,"column":14}},"14":{"start":{"line":40,"column":8},"end":{"line":40,"column":41}},"15":{"start":{"line":41,"column":8},"end":{"line":41,"column":14}},"16":{"start":{"line":43,"column":30},"end":{"line":43,"column":39}},"17":{"start":{"line":44,"column":8},"end":{"line":44,"column":57}},"18":{"start":{"line":55,"column":4},"end":{"line":55,"column":24}},"19":{"start":{"line":26,"column":0},"end":{"line":26,"column":13}},"20":{"start":{"line":61,"column":2},"end":{"line":61,"column":58}},"21":{"start":{"line":62,"column":2},"end":{"line":62,"column":42}},"22":{"start":{"line":63,"column":2},"end":{"line":80,"column":4}},"23":{"start":{"line":83,"column":4},"end":{"line":83,"column":40}},"24":{"start":{"line":87,"column":31},"end":{"line":87,"column":33}},"25":{"start":{"line":88,"column":4},"end":{"line":92,"column":7}},"26":{"start":{"line":89,"column":6},"end":{"line":91,"column":9}},"27":{"start":{"line":90,"column":8},"end":{"line":90,"column":41}},"28":{"start":{"line":94,"column":4},"end":{"line":94,"column":19}},"29":{"start":{"line":59,"column":0},"end":{"line":59,"column":13}}},"fnMap":{"0":{"name":"(anonymous_0)","decl":{"start":{"line":6,"column":2},"end":{"line":6,"column":null}},"loc":{"start":{"line":6,"column":2},"end":{"line":13,"column":3}}},"1":{"name":"(anonymous_1)","decl":{"start":{"line":15,"column":2},"end":{"line":15,"column":7}},"loc":{"start":{"line":15,"column":7},"end":{"line":18,"column":3}}},"2":{"name":"(anonymous_2)","decl":{"start":{"line":20,"column":2},"end":{"line":20,"column":11}},"loc":{"start":{"line":20,"column":11},"end":{"line":23,"column":3}}},"3":{"name":"(anonymous_3)","decl":{"start":{"line":30,"column":2},"end":{"line":30,"column":14}},"loc":{"start":{"line":30,"column":33},"end":{"line":32,"column":3}}},"4":{"name":"(anonymous_4)","decl":{"start":{"line":34,"column":2},"end":{"line":34,"column":11}},"loc":{"start":{"line":34,"column":28},"end":{"line":46,"column":3}}},"5":{"name":"(anonymous_5)","decl":{"start":{"line":48,"column":2},"end":{"line":48,"column":18}},"loc":{"start":{"line":48,"column":33},"end":{"line":52,"column":3}}},"6":{"name":"(anonymous_6)","decl":{"start":{"line":54,"column":2},"end":{"line":54,"column":12}},"loc":{"start":{"line":54,"column":12},"end":{"line":56,"column":3}}},"7":{"name":"(anonymous_7)","decl":{"start":{"line":82,"column":2},"end":{"line":82,"column":14}},"loc":{"start":{"line":82,"column":49},"end":{"line":84,"column":3}}},"8":{"name":"(anonymous_8)","decl":{"start":{"line":86,"column":2},"end":{"line":86,"column":15}},"loc":{"start":{"line":86,"column":15},"end":{"line":95,"column":3}}},"9":{"name":"(anonymous_9)","decl":{"start":{"line":88,"column":23},"end":{"line":88,"column":24}},"loc":{"start":{"line":88,"column":40},"end":{"line":92,"column":5}}},"10":{"name":"(anonymous_10)","decl":{"start":{"line":89,"column":25},"end":{"line":89,"column":26}},"loc":{"start":{"line":89,"column":42},"end":{"line":91,"column":7}}},"11":{"name":"(anonymous_11)","decl":{"start":{"line":97,"column":2},"end":{"line":97,"column":16}},"loc":{"start":{"line":97,"column":51},"end":{"line":99,"column":3}}}},"branchMap":{"0":{"loc":{"start":{"line":35,"column":4},"end":{"line":45,"column":null}},"type":"switch","locations":[{"start":{"line":36,"column":6},"end":{"line":38,"column":14}},{"start":{"line":39,"column":6},"end":{"line":41,"column":14}},{"start":{"line":42,"column":6},"end":{"line":44,"column":57}}]}},"s":{"0":0,"1":0,"2":0,"3":0,"4":0,"5":0,"6":0,"7":0,"8":1,"9":0,"10":0,"11":0,"12":0,"13":0,"14":0,"15":0,"16":0,"17":0,"18":0,"19":1,"20":3,"21":3,"22":3,"23":3,"24":3,"25":3,"26":24,"27":192,"28":3,"29":1},"f":{"0":0,"1":0,"2":0,"3":0,"4":0,"5":0,"6":0,"7":3,"8":3,"9":24,"10":192,"11":0},"b":{"0":[0,0,0]}}
,"/home/fwklaus/chess_app/src/lib/pieces.ts": {"path":"/home/fwklaus/chess_app/src/lib/pieces.ts","statementMap":{"0":{"start":{"line":2,"column":2},"end":{"line":2,"column":35}},"1":{"start":{"line":5,"column":4},"end":{"line":5,"column":null}},"2":{"start":{"line":14,"column":4},"end":{"line":18,"column":null}},"3":{"start":{"line":15,"column":6},"end":{"line":15,"column":85}},"4":{"start":{"line":17,"column":6},"end":{"line":17,"column":27}},"5":{"start":{"line":22,"column":4},"end":{"line":22,"column":30}},"6":{"start":{"line":23,"column":4},"end":{"line":27,"column":null}},"7":{"start":{"line":24,"column":6},"end":{"line":24,"column":85}},"8":{"start":{"line":26,"column":6},"end":{"line":26,"column":27}},"9":{"start":{"line":8,"column":15},"end":{"line":11,"column":null}},"10":{"start":{"line":9,"column":4},"end":{"line":9,"column":29}},"11":{"start":{"line":10,"column":4},"end":{"line":10,"column":25}},"12":{"start":{"line":37,"column":4},"end":{"line":37,"column":20}},"13":{"start":{"line":32,"column":2},"end":{"line":32,"column":24}},"14":{"start":{"line":38,"column":4},"end":{"line":38,"column":24}},"15":{"start":{"line":39,"column":4},"end":{"line":39,"column":29}},"16":{"start":{"line":43,"column":4},"end":{"line":45,"column":null}},"17":{"start":{"line":44,"column":6},"end":{"line":44,"column":80}},"18":{"start":{"line":47,"column":4},"end":{"line":63,"column":null}},"19":{"start":{"line":49,"column":8},"end":{"line":49,"column":39}},"20":{"start":{"line":50,"column":8},"end":{"line":50,"column":14}},"21":{"start":{"line":52,"column":8},"end":{"line":52,"column":41}},"22":{"start":{"line":53,"column":8},"end":{"line":53,"column":14}},"23":{"start":{"line":55,"column":8},"end":{"line":55,"column":41}},"24":{"start":{"line":56,"column":8},"end":{"line":56,"column":14}},"25":{"start":{"line":58,"column":8},"end":{"line":58,"column":40}},"26":{"start":{"line":59,"column":8},"end":{"line":59,"column":14}},"27":{"start":{"line":61,"column":38},"end":{"line":61,"column":42}},"28":{"start":{"line":62,"column":8},"end":{"line":62,"column":71}},"29":{"start":{"line":67,"column":4},"end":{"line":67,"column":17}},"30":{"start":{"line":71,"column":4},"end":{"line":71,"column":145}},"31":{"start":{"line":80,"column":4},"end":{"line":80,"column":20}},"32":{"start":{"line":76,"column":2},"end":{"line":76,"column":23}},"33":{"start":{"line":81,"column":4},"end":{"line":81,"column":24}},"34":{"start":{"line":85,"column":4},"end":{"line":85,"column":113}},"35":{"start":{"line":93,"column":4},"end":{"line":93,"column":20}},"36":{"start":{"line":90,"column":2},"end":{"line":90,"column":null}},"37":{"start":{"line":97,"column":4},"end":{"line":97,"column":149}},"38":{"start":{"line":105,"column":4},"end":{"line":105,"column":20}},"39":{"start":{"line":102,"column":2},"end":{"line":102,"column":null}},"40":{"start":{"line":109,"column":4},"end":{"line":109,"column":134}},"41":{"start":{"line":117,"column":4},"end":{"line":117,"column":20}},"42":{"start":{"line":114,"column":2},"end":{"line":114,"column":25}},"43":{"start":{"line":121,"column":4},"end":{"line":121,"column":156}},"44":{"start":{"line":133,"column":4},"end":{"line":133,"column":20}},"45":{"start":{"line":127,"column":2},"end":{"line":127,"column":24}},"46":{"start":{"line":134,"column":4},"end":{"line":134,"column":23}},"47":{"start":{"line":135,"column":4},"end":{"line":135,"column":27}},"48":{"start":{"line":136,"column":4},"end":{"line":136,"column":24}},"49":{"start":{"line":140,"column":4},"end":{"line":140,"column":17}},"50":{"start":{"line":144,"column":4},"end":{"line":144,"column":121}},"51":{"start":{"line":148,"column":0},"end":{"line":156,"column":2}}},"fnMap":{"0":{"name":"(anonymous_1)","decl":{"start":{"line":4,"column":2},"end":{"line":4,"column":14}},"loc":{"start":{"line":4,"column":32},"end":{"line":6,"column":3}}},"1":{"name":"(anonymous_2)","decl":{"start":{"line":13,"column":2},"end":{"line":13,"column":13}},"loc":{"start":{"line":13,"column":13},"end":{"line":19,"column":3}}},"2":{"name":"(anonymous_3)","decl":{"start":{"line":21,"column":2},"end":{"line":21,"column":6}},"loc":{"start":{"line":21,"column":41},"end":{"line":28,"column":3}}},"3":{"name":"_Piece_setPosition","decl":{"start":{"line":8,"column":15},"end":{"line":8,"column":33}},"loc":{"start":{"line":8,"column":33},"end":{"line":11,"column":3}}},"4":{"name":"(anonymous_5)","decl":{"start":{"line":36,"column":2},"end":{"line":36,"column":14}},"loc":{"start":{"line":36,"column":32},"end":{"line":40,"column":3}}},"5":{"name":"(anonymous_6)","decl":{"start":{"line":42,"column":2},"end":{"line":42,"column":9}},"loc":{"start":{"line":42,"column":30},"end":{"line":64,"column":3}}},"6":{"name":"(anonymous_7)","decl":{"start":{"line":66,"column":2},"end":{"line":66,"column":14}},"loc":{"start":{"line":66,"column":14},"end":{"line":68,"column":3}}},"7":{"name":"(anonymous_8)","decl":{"start":{"line":70,"column":2},"end":{"line":70,"column":15}},"loc":{"start":{"line":70,"column":15},"end":{"line":72,"column":3}}},"8":{"name":"(anonymous_9)","decl":{"start":{"line":79,"column":2},"end":{"line":79,"column":14}},"loc":{"start":{"line":79,"column":32},"end":{"line":82,"column":3}}},"9":{"name":"(anonymous_10)","decl":{"start":{"line":84,"column":2},"end":{"line":84,"column":15}},"loc":{"start":{"line":84,"column":15},"end":{"line":86,"column":3}}},"10":{"name":"(anonymous_11)","decl":{"start":{"line":92,"column":2},"end":{"line":92,"column":14}},"loc":{"start":{"line":92,"column":32},"end":{"line":94,"column":3}}},"11":{"name":"(anonymous_12)","decl":{"start":{"line":96,"column":2},"end":{"line":96,"column":15}},"loc":{"start":{"line":96,"column":15},"end":{"line":98,"column":3}}},"12":{"name":"(anonymous_13)","decl":{"start":{"line":104,"column":2},"end":{"line":104,"column":14}},"loc":{"start":{"line":104,"column":32},"end":{"line":106,"column":3}}},"13":{"name":"(anonymous_14)","decl":{"start":{"line":108,"column":2},"end":{"line":108,"column":15}},"loc":{"start":{"line":108,"column":15},"end":{"line":110,"column":3}}},"14":{"name":"(anonymous_15)","decl":{"start":{"line":116,"column":2},"end":{"line":116,"column":14}},"loc":{"start":{"line":116,"column":32},"end":{"line":118,"column":3}}},"15":{"name":"(anonymous_16)","decl":{"start":{"line":120,"column":2},"end":{"line":120,"column":15}},"loc":{"start":{"line":120,"column":15},"end":{"line":122,"column":3}}},"16":{"name":"(anonymous_17)","decl":{"start":{"line":132,"column":2},"end":{"line":132,"column":14}},"loc":{"start":{"line":132,"column":32},"end":{"line":137,"column":3}}},"17":{"name":"(anonymous_18)","decl":{"start":{"line":139,"column":2},"end":{"line":139,"column":17}},"loc":{"start":{"line":139,"column":17},"end":{"line":141,"column":3}}},"18":{"name":"(anonymous_19)","decl":{"start":{"line":143,"column":2},"end":{"line":143,"column":15}},"loc":{"start":{"line":143,"column":15},"end":{"line":145,"column":3}}}},"branchMap":{"0":{"loc":{"start":{"line":14,"column":4},"end":{"line":18,"column":null}},"type":"if","locations":[{"start":{"line":14,"column":4},"end":{"line":18,"column":null}},{"start":{"line":16,"column":11},"end":{"line":18,"column":null}}]},"1":{"loc":{"start":{"line":23,"column":4},"end":{"line":27,"column":null}},"type":"if","locations":[{"start":{"line":23,"column":4},"end":{"line":27,"column":null}},{"start":{"line":25,"column":11},"end":{"line":27,"column":null}}]},"2":{"loc":{"start":{"line":43,"column":4},"end":{"line":45,"column":null}},"type":"if","locations":[{"start":{"line":43,"column":4},"end":{"line":45,"column":null}}]},"3":{"loc":{"start":{"line":47,"column":4},"end":{"line":63,"column":null}},"type":"switch","locations":[{"start":{"line":48,"column":6},"end":{"line":50,"column":14}},{"start":{"line":51,"column":6},"end":{"line":53,"column":14}},{"start":{"line":54,"column":6},"end":{"line":56,"column":14}},{"start":{"line":57,"column":6},"end":{"line":59,"column":14}},{"start":{"line":60,"column":6},"end":{"line":62,"column":71}}]}},"s":{"0":12,"1":12,"2":0,"3":0,"4":0,"5":0,"6":0,"7":0,"8":0,"9":1,"10":12,"11":12,"12":2,"13":2,"14":2,"15":2,"16":0,"17":0,"18":0,"19":0,"20":0,"21":0,"22":0,"23":0,"24":0,"25":0,"26":0,"27":0,"28":0,"29":0,"30":1,"31":2,"32":2,"33":2,"34":1,"35":2,"36":2,"37":1,"38":2,"39":2,"40":1,"41":2,"42":2,"43":1,"44":2,"45":2,"46":2,"47":2,"48":2,"49":0,"50":1,"51":1},"f":{"0":12,"1":0,"2":0,"3":12,"4":2,"5":0,"6":0,"7":1,"8":2,"9":1,"10":2,"11":1,"12":2,"13":1,"14":2,"15":1,"16":2,"17":0,"18":1},"b":{"0":[0,0],"1":[0,0],"2":[0],"3":[0,0,0,0,0]}}
}
