TN:
SF:src/lib/game.ts
FN:8,(anonymous_0)
FN:16,(anonymous_1)
FN:21,(anonymous_2)
FN:26,(anonymous_3)
FN:56,(anonymous_4)
FN:60,(anonymous_5)
FN:65,(anonymous_6)
FN:93,(anonymous_7)
FN:98,(anonymous_8)
FN:100,(anonymous_9)
FN:101,(anonymous_10)
FN:112,(anonymous_11)
FN:144,(anonymous_12)
FN:149,(anonymous_13)
FN:158,(anonymous_14)
FNF:15
FNH:2
FNDA:0,(anonymous_0)
FNDA:0,(anonymous_1)
FNDA:0,(anonymous_2)
FNDA:0,(anonymous_3)
FNDA:1,(anonymous_4)
FNDA:3,(anonymous_5)
FNDA:0,(anonymous_6)
FNDA:0,(anonymous_7)
FNDA:0,(anonymous_8)
FNDA:0,(anonymous_9)
FNDA:0,(anonymous_10)
FNDA:0,(anonymous_11)
FNDA:0,(anonymous_12)
FNDA:0,(anonymous_13)
FNDA:0,(anonymous_14)
DA:1,1
DA:3,1
DA:9,0
DA:10,0
DA:11,0
DA:12,0
DA:13,0
DA:18,0
DA:23,0
DA:27,0
DA:28,0
DA:29,0
DA:30,0
DA:31,0
DA:33,0
DA:34,0
DA:35,0
DA:36,0
DA:37,0
DA:38,0
DA:39,0
DA:40,0
DA:42,0
DA:46,0
DA:52,1
DA:53,1
DA:57,1
DA:61,3
DA:62,3
DA:66,0
DA:70,1
DA:72,0
DA:73,0
DA:74,0
DA:94,0
DA:99,0
DA:100,0
DA:101,0
DA:102,0
DA:106,0
DA:114,0
DA:116,0
DA:117,0
DA:119,0
DA:120,0
DA:122,0
DA:123,0
DA:125,0
DA:126,0
DA:128,0
DA:129,0
DA:131,0
DA:132,0
DA:134,0
DA:135,0
DA:138,0
DA:139,0
DA:145,0
DA:146,0
DA:150,0
DA:159,0
DA:160,0
DA:162,0
LF:63
LH:8
BRDA:35,0,0,0
BRDA:35,0,1,0
BRDA:39,1,0,0
BRDA:39,1,1,0
BRDA:114,2,0,0
BRDA:114,2,1,0
BRDA:114,2,2,0
BRDA:114,2,3,0
BRDA:114,2,4,0
BRDA:114,2,5,0
BRDA:114,2,6,0
BRDA:150,3,0,0
BRDA:150,3,1,0
BRDA:150,3,2,0
BRDA:150,3,3,0
BRDA:150,3,4,0
BRDA:150,3,5,0
BRDA:162,4,0,0
BRDA:162,4,1,0
BRDA:162,4,2,0
BRF:20
BRH:0
end_of_record
TN:
SF:src/lib/pieces.ts
FN:4,(anonymous_0)
FN:8,(anonymous_1)
FN:13,(anonymous_2)
FN:22,(anonymous_3)
FN:37,(anonymous_4)
FN:41,(anonymous_5)
FN:69,(anonymous_6)
FN:87,(anonymous_7)
FN:95,(anonymous_8)
FN:99,(anonymous_9)
FN:107,(anonymous_10)
FN:111,(anonymous_11)
FN:119,(anonymous_12)
FN:123,(anonymous_13)
FN:131,(anonymous_14)
FN:135,(anonymous_15)
FN:146,(anonymous_16)
FN:152,(anonymous_17)
FN:156,(anonymous_18)
FNF:19
FNH:5
FNDA:3,(anonymous_0)
FNDA:3,(anonymous_1)
FNDA:0,(anonymous_2)
FNDA:0,(anonymous_3)
FNDA:1,(anonymous_4)
FNDA:0,(anonymous_5)
FNDA:0,(anonymous_6)
FNDA:0,(anonymous_7)
FNDA:0,(anonymous_8)
FNDA:0,(anonymous_9)
FNDA:1,(anonymous_10)
FNDA:0,(anonymous_11)
FNDA:0,(anonymous_12)
FNDA:0,(anonymous_13)
FNDA:0,(anonymous_14)
FNDA:0,(anonymous_15)
FNDA:1,(anonymous_16)
FNDA:0,(anonymous_17)
FNDA:0,(anonymous_18)
DA:2,3
DA:5,3
DA:9,3
DA:10,3
DA:14,0
DA:15,0
DA:17,0
DA:30,0
DA:35,1
DA:38,1
DA:42,0
DA:43,0
DA:46,0
DA:47,0
DA:49,0
DA:50,0
DA:52,0
DA:53,0
DA:55,0
DA:56,0
DA:58,0
DA:59,0
DA:61,0
DA:62,0
DA:65,0
DA:71,0
DA:73,0
DA:74,0
DA:75,0
DA:77,0
DA:78,0
DA:79,0
DA:81,0
DA:82,0
DA:83,0
DA:88,0
DA:93,0
DA:96,0
DA:100,0
DA:105,1
DA:108,1
DA:112,0
DA:117,0
DA:120,0
DA:124,0
DA:129,0
DA:132,0
DA:136,0
DA:142,1
DA:147,1
DA:148,1
DA:149,1
DA:153,0
DA:157,0
DA:161,1
LF:55
LH:13
BRDA:14,0,0,0
BRDA:14,0,1,0
BRDA:42,1,0,0
BRDA:46,2,0,0
BRDA:46,2,1,0
BRDA:47,3,0,0
BRDA:47,3,1,0
BRDA:47,3,2,0
BRDA:47,3,3,0
BRDA:47,3,4,0
BRDA:71,4,0,0
BRDA:71,4,1,0
BRDA:71,4,2,0
BRF:13
BRH:0
end_of_record
